# JRE version: Java(TM) SE Runtime Environment (19.0.2+7) (build 19.0.2+7-44)
# Java VM: Java HotSpot(TM) 64-Bit Server VM (19.0.2+7-44, mixed mode, emulated-client, sharing, tiered, compressed oops, compressed class ptrs, g1 gc, windows-amd64)
GC Precious Log:
 CardTable entry size: 512
 Card Set container configuration: InlinePtr #cards 5 size 8 Array Of Cards #cards 12 size 40 Howl #buckets 4 coarsen threshold 1843 Howl Bitmap #cards 512 size 80 coarsen threshold 460 Card regions per heap region 1 cards per card region 2048
 CPUs: 6 total, 6 available
 Memory: 7848M
 Large Page Support: Disabled
 NUMA Support: Disabled
 Compressed Oops: Enabled (32-bit)
 Heap Region Size: 1M
 Heap Min Capacity: 8M
 Heap Initial Capacity: 124M
 Heap Max Capacity: 1G
 Pre-touch: Disabled
 Parallel Workers: 6
 Concurrent Workers: 2
 Concurrent Refinement Workers: 6
 Periodic GC: Disabled
Heap:
 garbage-first heap   total 474112K, used 256916K [0x00000000c0000000, 0x0000000100000000)
  region size 1024K, 61 young (62464K), 13 survivors (13312K)
 Metaspace       used 63986K, committed 64832K, reserved 1114112K
  class space    used 8568K, committed 8960K, reserved 1048576K
GC Heap History (20 events):
Event: 51.290 GC heap before
{Heap before GC invocations=59 (full 0):
 garbage-first heap   total 815104K, used 513024K [0x00000000c0000000, 0x0000000100000000)
  region size 1024K, 232 young (237568K), 23 survivors (23552K)
 Metaspace       used 61284K, committed 62080K, reserved 1114112K
  class space    used 8241K, committed 8640K, reserved 1048576K
}
Event: 51.297 GC heap after
{Heap after GC invocations=60 (full 0):
 garbage-first heap   total 815104K, used 297984K [0x00000000c0000000, 0x0000000100000000)
  region size 1024K, 20 young (20480K), 20 survivors (20480K)
 Metaspace       used 61284K, committed 62080K, reserved 1114112K
  class space    used 8241K, committed 8640K, reserved 1048576K
}
Event: 52.064 GC heap before
{Heap before GC invocations=61 (full 0):
 garbage-first heap   total 434176K, used 433152K [0x00000000c0000000, 0x0000000100000000)
  region size 1024K, 331 young (338944K), 20 survivors (20480K)
 Metaspace       used 61284K, committed 62080K, reserved 1114112K
  class space    used 8241K, committed 8640K, reserved 1048576K
}
Event: 52.080 GC heap after
{Heap after GC invocations=62 (full 0):
 garbage-first heap   total 474112K, used 134144K [0x00000000c0000000, 0x0000000100000000)
  region size 1024K, 39 young (39936K), 39 survivors (39936K)
 Metaspace       used 61284K, committed 62080K, reserved 1114112K
  class space    used 8241K, committed 8640K, reserved 1048576K
}
Event: 52.081 GC heap before
{Heap before GC invocations=62 (full 0):
 garbage-first heap   total 474112K, used 136192K [0x00000000c0000000, 0x0000000100000000)
  region size 1024K, 41 young (41984K), 39 survivors (39936K)
 Metaspace       used 61284K, committed 62080K, reserved 1114112K
  class space    used 8241K, committed 8640K, reserved 1048576K
}
Event: 52.092 GC heap after
{Heap after GC invocations=63 (full 0):
 garbage-first heap   total 474112K, used 104232K [0x00000000c0000000, 0x0000000100000000)
  region size 1024K, 3 young (3072K), 3 survivors (3072K)
 Metaspace       used 61284K, committed 62080K, reserved 1114112K
  class space    used 8241K, committed 8640K, reserved 1048576K
}
Event: 52.464 GC heap before
{Heap before GC invocations=63 (full 0):
 garbage-first heap   total 474112K, used 358184K [0x00000000c0000000, 0x0000000100000000)
  region size 1024K, 252 young (258048K), 3 survivors (3072K)
 Metaspace       used 61284K, committed 62080K, reserved 1114112K
  class space    used 8241K, committed 8640K, reserved 1048576K
}
Event: 52.469 GC heap after
{Heap after GC invocations=64 (full 0):
 garbage-first heap   total 474112K, used 114752K [0x00000000c0000000, 0x0000000100000000)
  region size 1024K, 14 young (14336K), 14 survivors (14336K)
 Metaspace       used 61284K, committed 62080K, reserved 1114112K
  class space    used 8241K, committed 8640K, reserved 1048576K
}
Event: 54.963 GC heap before
{Heap before GC invocations=64 (full 0):
 garbage-first heap   total 474112K, used 365632K [0x00000000c0000000, 0x0000000100000000)
  region size 1024K, 260 young (266240K), 14 survivors (14336K)
 Metaspace       used 61284K, committed 62080K, reserved 1114112K
  class space    used 8241K, committed 8640K, reserved 1048576K
}
Event: 54.970 GC heap after
{Heap after GC invocations=65 (full 0):
 garbage-first heap   total 474112K, used 126760K [0x00000000c0000000, 0x0000000100000000)
  region size 1024K, 25 young (25600K), 25 survivors (25600K)
 Metaspace       used 61284K, committed 62080K, reserved 1114112K
  class space    used 8241K, committed 8640K, reserved 1048576K
}
Event: 55.745 GC heap before
{Heap before GC invocations=65 (full 0):
 garbage-first heap   total 474112K, used 373544K [0x00000000c0000000, 0x0000000100000000)
  region size 1024K, 267 young (273408K), 25 survivors (25600K)
 Metaspace       used 61284K, committed 62080K, reserved 1114112K
  class space    used 8241K, committed 8640K, reserved 1048576K
}
Event: 55.757 GC heap after
{Heap after GC invocations=66 (full 0):
 garbage-first heap   total 474112K, used 140687K [0x00000000c0000000, 0x0000000100000000)
  region size 1024K, 26 young (26624K), 26 survivors (26624K)
 Metaspace       used 61284K, committed 62080K, reserved 1114112K
  class space    used 8241K, committed 8640K, reserved 1048576K
}
Event: 56.888 GC heap before
{Heap before GC invocations=67 (full 0):
 garbage-first heap   total 474112K, used 380303K [0x00000000c0000000, 0x0000000100000000)
  region size 1024K, 261 young (267264K), 26 survivors (26624K)
 Metaspace       used 61284K, committed 62080K, reserved 1114112K
  class space    used 8241K, committed 8640K, reserved 1048576K
}
Event: 56.902 GC heap after
{Heap after GC invocations=68 (full 0):
 garbage-first heap   total 474112K, used 152891K [0x00000000c0000000, 0x0000000100000000)
  region size 1024K, 25 young (25600K), 25 survivors (25600K)
 Metaspace       used 61284K, committed 62080K, reserved 1114112K
  class space    used 8241K, committed 8640K, reserved 1048576K
}
Event: 56.902 GC heap before
{Heap before GC invocations=68 (full 0):
 garbage-first heap   total 474112K, used 154939K [0x00000000c0000000, 0x0000000100000000)
  region size 1024K, 27 young (27648K), 25 survivors (25600K)
 Metaspace       used 61284K, committed 62080K, reserved 1114112K
  class space    used 8241K, committed 8640K, reserved 1048576K
}
Event: 56.910 GC heap after
{Heap after GC invocations=69 (full 0):
 garbage-first heap   total 474112K, used 150263K [0x00000000c0000000, 0x0000000100000000)
  region size 1024K, 3 young (3072K), 3 survivors (3072K)
 Metaspace       used 61284K, committed 62080K, reserved 1114112K
  class space    used 8241K, committed 8640K, reserved 1048576K
}
Event: 58.039 GC heap before
{Heap before GC invocations=69 (full 0):
 garbage-first heap   total 474112K, used 389879K [0x00000000c0000000, 0x0000000100000000)
  region size 1024K, 233 young (238592K), 3 survivors (3072K)
 Metaspace       used 63258K, committed 64128K, reserved 1114112K
  class space    used 8480K, committed 8896K, reserved 1048576K
}
Event: 58.055 GC heap after
{Heap after GC invocations=70 (full 0):
 garbage-first heap   total 474112K, used 192000K [0x00000000c0000000, 0x0000000100000000)
  region size 1024K, 30 young (30720K), 30 survivors (30720K)
 Metaspace       used 63258K, committed 64128K, reserved 1114112K
  class space    used 8480K, committed 8896K, reserved 1048576K
}
Event: 58.194 GC heap before
{Heap before GC invocations=70 (full 0):
 garbage-first heap   total 474112K, used 252416K [0x00000000c0000000, 0x0000000100000000)
  region size 1024K, 90 young (92160K), 30 survivors (30720K)
 Metaspace       used 63326K, committed 64192K, reserved 1114112K
  class space    used 8484K, committed 8896K, reserved 1048576K
}
Event: 58.212 GC heap after
{Heap after GC invocations=71 (full 0):
 garbage-first heap   total 474112K, used 205716K [0x00000000c0000000, 0x0000000100000000)
  region size 1024K, 13 young (13312K), 13 survivors (13312K)
 Metaspace       used 63326K, committed 64192K, reserved 1114112K
  class space    used 8484K, committed 8896K, reserved 1048576K
}

